2024/01/26 14:27:40 - mmengine - INFO - 
------------------------------------------------------------
System environment:
    sys.platform: darwin
    Python: 3.8.18 (default, Sep 11 2023, 08:17:16) [Clang 14.0.6 ]
    CUDA available: False
    MUSA available: False
    numpy_random_seed: 1085813601
    GCC: Apple clang version 15.0.0 (clang-1500.0.40.1)
    PyTorch: 2.1.2
    PyTorch compiling details: PyTorch built with:
  - GCC 4.2
  - C++ Version: 201703
  - clang 13.1.6
  - LAPACK is enabled (usually provided by MKL)
  - NNPACK is enabled
  - CPU capability usage: NO AVX
  - Build settings: BLAS_INFO=accelerate, BUILD_TYPE=Release, CXX_COMPILER=/Applications/Xcode_13.3.1.app/Contents/Developer/Toolchains/XcodeDefault.xctoolchain/usr/bin/clang++, CXX_FLAGS= -fvisibility-inlines-hidden -DUSE_PTHREADPOOL -DNDEBUG -DUSE_KINETO -DLIBKINETO_NOCUPTI -DLIBKINETO_NOROCTRACER -DUSE_PYTORCH_QNNPACK -DUSE_XNNPACK -DUSE_PYTORCH_METAL_EXPORT -DSYMBOLICATE_MOBILE_DEBUG_HANDLE -DUSE_COREML_DELEGATE -O2 -fPIC -Wall -Wextra -Werror=return-type -Werror=non-virtual-dtor -Werror=braced-scalar-init -Werror=range-loop-construct -Werror=bool-operation -Wnarrowing -Wno-missing-field-initializers -Wno-type-limits -Wno-array-bounds -Wno-unknown-pragmas -Wno-unused-parameter -Wno-unused-function -Wno-unused-result -Wno-strict-overflow -Wno-strict-aliasing -Wvla-extension -Wnewline-eof -Winconsistent-missing-override -Winconsistent-missing-destructor-override -Wno-range-loop-analysis -Wno-pass-failed -Wsuggest-override -Wno-error=pedantic -Wno-error=old-style-cast -Wno-error=inconsistent-missing-override -Wno-error=inconsistent-missing-destructor-override -Wconstant-conversion -Wno-invalid-partial-specialization -Wno-unused-private-field -Wno-missing-braces -Wunused-lambda-capture -Qunused-arguments -fcolor-diagnostics -faligned-new -Wno-unused-but-set-variable -fno-math-errno -fno-trapping-math -Werror=format -Werror=cast-function-type -DUSE_MPS -Wno-unused-private-field -Wno-missing-braces, LAPACK_INFO=accelerate, TORCH_DISABLE_GPU_ASSERTS=OFF, TORCH_VERSION=2.1.2, USE_CUDA=0, USE_CUDNN=OFF, USE_EIGEN_FOR_BLAS=ON, USE_EXCEPTION_PTR=1, USE_GFLAGS=OFF, USE_GLOG=OFF, USE_MKL=OFF, USE_MKLDNN=OFF, USE_MPI=OFF, USE_NCCL=OFF, USE_NNPACK=ON, USE_OPENMP=OFF, USE_ROCM=OFF, 

    TorchVision: 0.16.2
    OpenCV: 4.9.0
    MMEngine: 0.10.3

Runtime environment:
    cudnn_benchmark: False
    mp_cfg: {'mp_start_method': 'fork', 'opencv_num_threads': 0}
    dist_cfg: {'backend': 'nccl'}
    seed: 1085813601
    deterministic: False
    Distributed launcher: none
    Distributed training: False
    GPU number: 1
------------------------------------------------------------

2024/01/26 14:27:40 - mmengine - INFO - Config:
auto_scale_lr = dict(base_batch_size=1024)
bgr_mean = [
    103.53,
    116.28,
    123.675,
]
bgr_std = [
    57.375,
    57.12,
    58.395,
]
data_preprocessor = dict(
    mean=[
        123.675,
        116.28,
        103.53,
    ],
    num_classes=1000,
    std=[
        58.395,
        57.12,
        57.375,
    ],
    to_rgb=True)
data_root = '/Users/minkijung/Documents/3AISD/Vision/assignment1/data/flower_dataset'
dataset_type = 'ImageNet'
default_hooks = dict(
    checkpoint=dict(interval=1, type='CheckpointHook'),
    logger=dict(interval=100, type='LoggerHook'),
    param_scheduler=dict(type='ParamSchedulerHook'),
    sampler_seed=dict(type='DistSamplerSeedHook'),
    timer=dict(type='IterTimerHook'),
    visualization=dict(enable=False, type='VisualizationHook'))
default_scope = 'mmpretrain'
env_cfg = dict(
    cudnn_benchmark=False,
    dist_cfg=dict(backend='nccl'),
    mp_cfg=dict(mp_start_method='fork', opencv_num_threads=0))
launcher = 'none'
load_from = None
log_level = 'INFO'
model = dict(
    backbone=dict(
        arch='small_075',
        norm_cfg=dict(eps=1e-05, momentum=0.1, type='BN'),
        type='MobileNetV3'),
    head=dict(
        act_cfg=dict(type='HSwish'),
        dropout_rate=0.2,
        in_channels=432,
        init_cfg=dict(
            bias=0.0, layer='Linear', mean=0.0, std=0.01, type='Normal'),
        loss=dict(loss_weight=1.0, type='CrossEntropyLoss'),
        mid_channels=[
            1024,
        ],
        num_classes=1000,
        topk=(
            1,
            5,
        ),
        type='StackedLinearClsHead'),
    neck=dict(type='GlobalAveragePooling'),
    type='ImageClassifier')
optim_wrapper = dict(
    optimizer=dict(
        alpha=0.9,
        eps=0.0316,
        lr=0.064,
        momentum=0.9,
        type='RMSprop',
        weight_decay=1e-05))
param_scheduler = dict(by_epoch=True, gamma=0.973, step_size=2, type='StepLR')
randomness = dict(deterministic=False, seed=None)
resume = False
test_cfg = dict()
test_dataloader = dict(
    batch_size=128,
    collate_fn=dict(type='default_collate'),
    dataset=dict(
        ann_file='',
        data_prefix='test',
        data_root=
        '/Users/minkijung/Documents/3AISD/Vision/assignment1/data/flower_dataset',
        pipeline=[
            dict(type='LoadImageFromFile'),
            dict(
                backend='pillow',
                edge='short',
                interpolation='bicubic',
                scale=256,
                type='ResizeEdge'),
            dict(crop_size=224, type='CenterCrop'),
            dict(type='PackInputs'),
        ],
        type='CustomDataset'),
    num_workers=5,
    persistent_workers=True,
    pin_memory=True,
    sampler=dict(shuffle=False, type='DefaultSampler'))
test_evaluator = dict(
    topk=(
        1,
        5,
    ), type='Accuracy')
test_pipeline = [
    dict(type='LoadImageFromFile'),
    dict(
        backend='pillow',
        edge='short',
        interpolation='bicubic',
        scale=256,
        type='ResizeEdge'),
    dict(crop_size=224, type='CenterCrop'),
    dict(type='PackInputs'),
]
train_cfg = dict(by_epoch=True, max_epochs=600, val_interval=10)
train_dataloader = dict(
    batch_size=32,
    collate_fn=dict(type='default_collate'),
    dataset=dict(
        ann_file='',
        data_prefix='train',
        data_root=
        '/Users/minkijung/Documents/3AISD/Vision/assignment1/data/flower_dataset',
        pipeline=[
            dict(type='LoadImageFromFile'),
            dict(
                backend='pillow',
                interpolation='bicubic',
                scale=224,
                type='RandomResizedCrop'),
            dict(direction='horizontal', prob=0.5, type='RandomFlip'),
            dict(
                hparams=dict(pad_val=[
                    104,
                    116,
                    124,
                ]),
                policies='imagenet',
                type='AutoAugment'),
            dict(
                erase_prob=0.2,
                fill_color=[
                    103.53,
                    116.28,
                    123.675,
                ],
                fill_std=[
                    57.375,
                    57.12,
                    58.395,
                ],
                max_area_ratio=0.3333333333333333,
                min_area_ratio=0.02,
                mode='rand',
                type='RandomErasing'),
            dict(type='PackInputs'),
        ],
        type='CustomDataset'),
    num_workers=5,
    persistent_workers=True,
    pin_memory=True,
    sampler=dict(shuffle=True, type='DefaultSampler'))
train_pipeline = [
    dict(type='LoadImageFromFile'),
    dict(
        backend='pillow',
        interpolation='bicubic',
        scale=224,
        type='RandomResizedCrop'),
    dict(direction='horizontal', prob=0.5, type='RandomFlip'),
    dict(
        hparams=dict(pad_val=[
            104,
            116,
            124,
        ]),
        policies='imagenet',
        type='AutoAugment'),
    dict(
        erase_prob=0.2,
        fill_color=[
            103.53,
            116.28,
            123.675,
        ],
        fill_std=[
            57.375,
            57.12,
            58.395,
        ],
        max_area_ratio=0.3333333333333333,
        min_area_ratio=0.02,
        mode='rand',
        type='RandomErasing'),
    dict(type='PackInputs'),
]
val_cfg = dict()
val_dataloader = dict(
    batch_size=128,
    collate_fn=dict(type='default_collate'),
    dataset=dict(
        ann_file='',
        data_prefix='val',
        data_root=
        '/Users/minkijung/Documents/3AISD/Vision/assignment1/data/flower_dataset',
        pipeline=[
            dict(type='LoadImageFromFile'),
            dict(
                backend='pillow',
                edge='short',
                interpolation='bicubic',
                scale=256,
                type='ResizeEdge'),
            dict(crop_size=224, type='CenterCrop'),
            dict(type='PackInputs'),
        ],
        type='CustomDataset'),
    num_workers=5,
    persistent_workers=True,
    pin_memory=True,
    sampler=dict(shuffle=False, type='DefaultSampler'))
val_evaluator = dict(
    topk=(
        1,
        5,
    ), type='Accuracy')
vis_backends = [
    dict(type='LocalVisBackend'),
]
visualizer = dict(
    type='UniversalVisualizer', vis_backends=[
        dict(type='LocalVisBackend'),
    ])
work_dir = './work_dirs/custom'

2024/01/26 14:27:41 - mmengine - INFO - Distributed training is not used, all SyncBatchNorm (SyncBN) layers in the model will be automatically reverted to BatchNormXd layers if they are used.
2024/01/26 14:27:41 - mmengine - INFO - Hooks will be executed in the following order:
before_run:
(VERY_HIGH   ) RuntimeInfoHook                    
(BELOW_NORMAL) LoggerHook                         
 -------------------- 
before_train:
(VERY_HIGH   ) RuntimeInfoHook                    
(NORMAL      ) IterTimerHook                      
(VERY_LOW    ) CheckpointHook                     
 -------------------- 
before_train_epoch:
(VERY_HIGH   ) RuntimeInfoHook                    
(NORMAL      ) IterTimerHook                      
(NORMAL      ) DistSamplerSeedHook                
 -------------------- 
before_train_iter:
(VERY_HIGH   ) RuntimeInfoHook                    
(NORMAL      ) IterTimerHook                      
 -------------------- 
after_train_iter:
(VERY_HIGH   ) RuntimeInfoHook                    
(NORMAL      ) IterTimerHook                      
(BELOW_NORMAL) LoggerHook                         
(LOW         ) ParamSchedulerHook                 
(VERY_LOW    ) CheckpointHook                     
 -------------------- 
after_train_epoch:
(NORMAL      ) IterTimerHook                      
(LOW         ) ParamSchedulerHook                 
(VERY_LOW    ) CheckpointHook                     
 -------------------- 
before_val:
(VERY_HIGH   ) RuntimeInfoHook                    
 -------------------- 
before_val_epoch:
(NORMAL      ) IterTimerHook                      
 -------------------- 
before_val_iter:
(NORMAL      ) IterTimerHook                      
 -------------------- 
after_val_iter:
(NORMAL      ) IterTimerHook                      
(NORMAL      ) VisualizationHook                  
(BELOW_NORMAL) LoggerHook                         
 -------------------- 
after_val_epoch:
(VERY_HIGH   ) RuntimeInfoHook                    
(NORMAL      ) IterTimerHook                      
(BELOW_NORMAL) LoggerHook                         
(LOW         ) ParamSchedulerHook                 
(VERY_LOW    ) CheckpointHook                     
 -------------------- 
after_val:
(VERY_HIGH   ) RuntimeInfoHook                    
 -------------------- 
after_train:
(VERY_HIGH   ) RuntimeInfoHook                    
(VERY_LOW    ) CheckpointHook                     
 -------------------- 
before_test:
(VERY_HIGH   ) RuntimeInfoHook                    
 -------------------- 
before_test_epoch:
(NORMAL      ) IterTimerHook                      
 -------------------- 
before_test_iter:
(NORMAL      ) IterTimerHook                      
 -------------------- 
after_test_iter:
(NORMAL      ) IterTimerHook                      
(NORMAL      ) VisualizationHook                  
(BELOW_NORMAL) LoggerHook                         
 -------------------- 
after_test_epoch:
(VERY_HIGH   ) RuntimeInfoHook                    
(NORMAL      ) IterTimerHook                      
(BELOW_NORMAL) LoggerHook                         
 -------------------- 
after_test:
(VERY_HIGH   ) RuntimeInfoHook                    
 -------------------- 
after_run:
(BELOW_NORMAL) LoggerHook                         
 -------------------- 
Name of parameter - Initialization information

backbone.layer0.conv.weight - torch.Size([16, 3, 3, 3]): 
Initialized by user-defined `init_weights` in ConvModule  

backbone.layer0.bn.weight - torch.Size([16]): 
The value is the same before and after calling `init_weights` of ImageClassifier  

backbone.layer0.bn.bias - torch.Size([16]): 
The value is the same before and after calling `init_weights` of ImageClassifier  

backbone.layer1.depthwise_conv.conv.weight - torch.Size([16, 1, 3, 3]): 
Initialized by user-defined `init_weights` in ConvModule  

backbone.layer1.depthwise_conv.bn.weight - torch.Size([16]): 
The value is the same before and after calling `init_weights` of ImageClassifier  

backbone.layer1.depthwise_conv.bn.bias - torch.Size([16]): 
The value is the same before and after calling `init_weights` of ImageClassifier  

backbone.layer1.se.conv1.conv.weight - torch.Size([8, 16, 1, 1]): 
Initialized by user-defined `init_weights` in ConvModule  

backbone.layer1.se.conv1.conv.bias - torch.Size([8]): 
The value is the same before and after calling `init_weights` of ImageClassifier  

backbone.layer1.se.conv2.conv.weight - torch.Size([16, 8, 1, 1]): 
Initialized by user-defined `init_weights` in ConvModule  

backbone.layer1.se.conv2.conv.bias - torch.Size([16]): 
The value is the same before and after calling `init_weights` of ImageClassifier  

backbone.layer1.linear_conv.conv.weight - torch.Size([16, 16, 1, 1]): 
Initialized by user-defined `init_weights` in ConvModule  

backbone.layer1.linear_conv.bn.weight - torch.Size([16]): 
The value is the same before and after calling `init_weights` of ImageClassifier  

backbone.layer1.linear_conv.bn.bias - torch.Size([16]): 
The value is the same before and after calling `init_weights` of ImageClassifier  

backbone.layer2.expand_conv.conv.weight - torch.Size([72, 16, 1, 1]): 
Initialized by user-defined `init_weights` in ConvModule  

backbone.layer2.expand_conv.bn.weight - torch.Size([72]): 
The value is the same before and after calling `init_weights` of ImageClassifier  

backbone.layer2.expand_conv.bn.bias - torch.Size([72]): 
The value is the same before and after calling `init_weights` of ImageClassifier  

backbone.layer2.depthwise_conv.conv.weight - torch.Size([72, 1, 3, 3]): 
Initialized by user-defined `init_weights` in ConvModule  

backbone.layer2.depthwise_conv.bn.weight - torch.Size([72]): 
The value is the same before and after calling `init_weights` of ImageClassifier  

backbone.layer2.depthwise_conv.bn.bias - torch.Size([72]): 
The value is the same before and after calling `init_weights` of ImageClassifier  

backbone.layer2.linear_conv.conv.weight - torch.Size([24, 72, 1, 1]): 
Initialized by user-defined `init_weights` in ConvModule  

backbone.layer2.linear_conv.bn.weight - torch.Size([24]): 
The value is the same before and after calling `init_weights` of ImageClassifier  

backbone.layer2.linear_conv.bn.bias - torch.Size([24]): 
The value is the same before and after calling `init_weights` of ImageClassifier  

backbone.layer3.expand_conv.conv.weight - torch.Size([88, 24, 1, 1]): 
Initialized by user-defined `init_weights` in ConvModule  

backbone.layer3.expand_conv.bn.weight - torch.Size([88]): 
The value is the same before and after calling `init_weights` of ImageClassifier  

backbone.layer3.expand_conv.bn.bias - torch.Size([88]): 
The value is the same before and after calling `init_weights` of ImageClassifier  

backbone.layer3.depthwise_conv.conv.weight - torch.Size([88, 1, 3, 3]): 
Initialized by user-defined `init_weights` in ConvModule  

backbone.layer3.depthwise_conv.bn.weight - torch.Size([88]): 
The value is the same before and after calling `init_weights` of ImageClassifier  

backbone.layer3.depthwise_conv.bn.bias - torch.Size([88]): 
The value is the same before and after calling `init_weights` of ImageClassifier  

backbone.layer3.linear_conv.conv.weight - torch.Size([24, 88, 1, 1]): 
Initialized by user-defined `init_weights` in ConvModule  

backbone.layer3.linear_conv.bn.weight - torch.Size([24]): 
The value is the same before and after calling `init_weights` of ImageClassifier  

backbone.layer3.linear_conv.bn.bias - torch.Size([24]): 
The value is the same before and after calling `init_weights` of ImageClassifier  

backbone.layer4.expand_conv.conv.weight - torch.Size([96, 24, 1, 1]): 
Initialized by user-defined `init_weights` in ConvModule  

backbone.layer4.expand_conv.bn.weight - torch.Size([96]): 
The value is the same before and after calling `init_weights` of ImageClassifier  

backbone.layer4.expand_conv.bn.bias - torch.Size([96]): 
The value is the same before and after calling `init_weights` of ImageClassifier  

backbone.layer4.depthwise_conv.conv.weight - torch.Size([96, 1, 5, 5]): 
Initialized by user-defined `init_weights` in ConvModule  

backbone.layer4.depthwise_conv.bn.weight - torch.Size([96]): 
The value is the same before and after calling `init_weights` of ImageClassifier  

backbone.layer4.depthwise_conv.bn.bias - torch.Size([96]): 
The value is the same before and after calling `init_weights` of ImageClassifier  

backbone.layer4.se.conv1.conv.weight - torch.Size([24, 96, 1, 1]): 
Initialized by user-defined `init_weights` in ConvModule  

backbone.layer4.se.conv1.conv.bias - torch.Size([24]): 
The value is the same before and after calling `init_weights` of ImageClassifier  

backbone.layer4.se.conv2.conv.weight - torch.Size([96, 24, 1, 1]): 
Initialized by user-defined `init_weights` in ConvModule  

backbone.layer4.se.conv2.conv.bias - torch.Size([96]): 
The value is the same before and after calling `init_weights` of ImageClassifier  

backbone.layer4.linear_conv.conv.weight - torch.Size([32, 96, 1, 1]): 
Initialized by user-defined `init_weights` in ConvModule  

backbone.layer4.linear_conv.bn.weight - torch.Size([32]): 
The value is the same before and after calling `init_weights` of ImageClassifier  

backbone.layer4.linear_conv.bn.bias - torch.Size([32]): 
The value is the same before and after calling `init_weights` of ImageClassifier  

backbone.layer5.expand_conv.conv.weight - torch.Size([192, 32, 1, 1]): 
Initialized by user-defined `init_weights` in ConvModule  

backbone.layer5.expand_conv.bn.weight - torch.Size([192]): 
The value is the same before and after calling `init_weights` of ImageClassifier  

backbone.layer5.expand_conv.bn.bias - torch.Size([192]): 
The value is the same before and after calling `init_weights` of ImageClassifier  

backbone.layer5.depthwise_conv.conv.weight - torch.Size([192, 1, 5, 5]): 
Initialized by user-defined `init_weights` in ConvModule  

backbone.layer5.depthwise_conv.bn.weight - torch.Size([192]): 
The value is the same before and after calling `init_weights` of ImageClassifier  

backbone.layer5.depthwise_conv.bn.bias - torch.Size([192]): 
The value is the same before and after calling `init_weights` of ImageClassifier  

backbone.layer5.se.conv1.conv.weight - torch.Size([48, 192, 1, 1]): 
Initialized by user-defined `init_weights` in ConvModule  

backbone.layer5.se.conv1.conv.bias - torch.Size([48]): 
The value is the same before and after calling `init_weights` of ImageClassifier  

backbone.layer5.se.conv2.conv.weight - torch.Size([192, 48, 1, 1]): 
Initialized by user-defined `init_weights` in ConvModule  

backbone.layer5.se.conv2.conv.bias - torch.Size([192]): 
The value is the same before and after calling `init_weights` of ImageClassifier  

backbone.layer5.linear_conv.conv.weight - torch.Size([32, 192, 1, 1]): 
Initialized by user-defined `init_weights` in ConvModule  

backbone.layer5.linear_conv.bn.weight - torch.Size([32]): 
The value is the same before and after calling `init_weights` of ImageClassifier  

backbone.layer5.linear_conv.bn.bias - torch.Size([32]): 
The value is the same before and after calling `init_weights` of ImageClassifier  

backbone.layer6.expand_conv.conv.weight - torch.Size([192, 32, 1, 1]): 
Initialized by user-defined `init_weights` in ConvModule  

backbone.layer6.expand_conv.bn.weight - torch.Size([192]): 
The value is the same before and after calling `init_weights` of ImageClassifier  

backbone.layer6.expand_conv.bn.bias - torch.Size([192]): 
The value is the same before and after calling `init_weights` of ImageClassifier  

backbone.layer6.depthwise_conv.conv.weight - torch.Size([192, 1, 5, 5]): 
Initialized by user-defined `init_weights` in ConvModule  

backbone.layer6.depthwise_conv.bn.weight - torch.Size([192]): 
The value is the same before and after calling `init_weights` of ImageClassifier  

backbone.layer6.depthwise_conv.bn.bias - torch.Size([192]): 
The value is the same before and after calling `init_weights` of ImageClassifier  

backbone.layer6.se.conv1.conv.weight - torch.Size([48, 192, 1, 1]): 
Initialized by user-defined `init_weights` in ConvModule  

backbone.layer6.se.conv1.conv.bias - torch.Size([48]): 
The value is the same before and after calling `init_weights` of ImageClassifier  

backbone.layer6.se.conv2.conv.weight - torch.Size([192, 48, 1, 1]): 
Initialized by user-defined `init_weights` in ConvModule  

backbone.layer6.se.conv2.conv.bias - torch.Size([192]): 
The value is the same before and after calling `init_weights` of ImageClassifier  

backbone.layer6.linear_conv.conv.weight - torch.Size([32, 192, 1, 1]): 
Initialized by user-defined `init_weights` in ConvModule  

backbone.layer6.linear_conv.bn.weight - torch.Size([32]): 
The value is the same before and after calling `init_weights` of ImageClassifier  

backbone.layer6.linear_conv.bn.bias - torch.Size([32]): 
The value is the same before and after calling `init_weights` of ImageClassifier  

backbone.layer7.expand_conv.conv.weight - torch.Size([96, 32, 1, 1]): 
Initialized by user-defined `init_weights` in ConvModule  

backbone.layer7.expand_conv.bn.weight - torch.Size([96]): 
The value is the same before and after calling `init_weights` of ImageClassifier  

backbone.layer7.expand_conv.bn.bias - torch.Size([96]): 
The value is the same before and after calling `init_weights` of ImageClassifier  

backbone.layer7.depthwise_conv.conv.weight - torch.Size([96, 1, 5, 5]): 
Initialized by user-defined `init_weights` in ConvModule  

backbone.layer7.depthwise_conv.bn.weight - torch.Size([96]): 
The value is the same before and after calling `init_weights` of ImageClassifier  

backbone.layer7.depthwise_conv.bn.bias - torch.Size([96]): 
The value is the same before and after calling `init_weights` of ImageClassifier  

backbone.layer7.se.conv1.conv.weight - torch.Size([24, 96, 1, 1]): 
Initialized by user-defined `init_weights` in ConvModule  

backbone.layer7.se.conv1.conv.bias - torch.Size([24]): 
The value is the same before and after calling `init_weights` of ImageClassifier  

backbone.layer7.se.conv2.conv.weight - torch.Size([96, 24, 1, 1]): 
Initialized by user-defined `init_weights` in ConvModule  

backbone.layer7.se.conv2.conv.bias - torch.Size([96]): 
The value is the same before and after calling `init_weights` of ImageClassifier  

backbone.layer7.linear_conv.conv.weight - torch.Size([40, 96, 1, 1]): 
Initialized by user-defined `init_weights` in ConvModule  

backbone.layer7.linear_conv.bn.weight - torch.Size([40]): 
The value is the same before and after calling `init_weights` of ImageClassifier  

backbone.layer7.linear_conv.bn.bias - torch.Size([40]): 
The value is the same before and after calling `init_weights` of ImageClassifier  

backbone.layer8.expand_conv.conv.weight - torch.Size([120, 40, 1, 1]): 
Initialized by user-defined `init_weights` in ConvModule  

backbone.layer8.expand_conv.bn.weight - torch.Size([120]): 
The value is the same before and after calling `init_weights` of ImageClassifier  

backbone.layer8.expand_conv.bn.bias - torch.Size([120]): 
The value is the same before and after calling `init_weights` of ImageClassifier  

backbone.layer8.depthwise_conv.conv.weight - torch.Size([120, 1, 5, 5]): 
Initialized by user-defined `init_weights` in ConvModule  

backbone.layer8.depthwise_conv.bn.weight - torch.Size([120]): 
The value is the same before and after calling `init_weights` of ImageClassifier  

backbone.layer8.depthwise_conv.bn.bias - torch.Size([120]): 
The value is the same before and after calling `init_weights` of ImageClassifier  

backbone.layer8.se.conv1.conv.weight - torch.Size([32, 120, 1, 1]): 
Initialized by user-defined `init_weights` in ConvModule  

backbone.layer8.se.conv1.conv.bias - torch.Size([32]): 
The value is the same before and after calling `init_weights` of ImageClassifier  

backbone.layer8.se.conv2.conv.weight - torch.Size([120, 32, 1, 1]): 
Initialized by user-defined `init_weights` in ConvModule  

backbone.layer8.se.conv2.conv.bias - torch.Size([120]): 
The value is the same before and after calling `init_weights` of ImageClassifier  

backbone.layer8.linear_conv.conv.weight - torch.Size([40, 120, 1, 1]): 
Initialized by user-defined `init_weights` in ConvModule  

backbone.layer8.linear_conv.bn.weight - torch.Size([40]): 
The value is the same before and after calling `init_weights` of ImageClassifier  

backbone.layer8.linear_conv.bn.bias - torch.Size([40]): 
The value is the same before and after calling `init_weights` of ImageClassifier  

backbone.layer9.expand_conv.conv.weight - torch.Size([240, 40, 1, 1]): 
Initialized by user-defined `init_weights` in ConvModule  

backbone.layer9.expand_conv.bn.weight - torch.Size([240]): 
The value is the same before and after calling `init_weights` of ImageClassifier  

backbone.layer9.expand_conv.bn.bias - torch.Size([240]): 
The value is the same before and after calling `init_weights` of ImageClassifier  

backbone.layer9.depthwise_conv.conv.weight - torch.Size([240, 1, 5, 5]): 
Initialized by user-defined `init_weights` in ConvModule  

backbone.layer9.depthwise_conv.bn.weight - torch.Size([240]): 
The value is the same before and after calling `init_weights` of ImageClassifier  

backbone.layer9.depthwise_conv.bn.bias - torch.Size([240]): 
The value is the same before and after calling `init_weights` of ImageClassifier  

backbone.layer9.se.conv1.conv.weight - torch.Size([64, 240, 1, 1]): 
Initialized by user-defined `init_weights` in ConvModule  

backbone.layer9.se.conv1.conv.bias - torch.Size([64]): 
The value is the same before and after calling `init_weights` of ImageClassifier  

backbone.layer9.se.conv2.conv.weight - torch.Size([240, 64, 1, 1]): 
Initialized by user-defined `init_weights` in ConvModule  

backbone.layer9.se.conv2.conv.bias - torch.Size([240]): 
The value is the same before and after calling `init_weights` of ImageClassifier  

backbone.layer9.linear_conv.conv.weight - torch.Size([72, 240, 1, 1]): 
Initialized by user-defined `init_weights` in ConvModule  

backbone.layer9.linear_conv.bn.weight - torch.Size([72]): 
The value is the same before and after calling `init_weights` of ImageClassifier  

backbone.layer9.linear_conv.bn.bias - torch.Size([72]): 
The value is the same before and after calling `init_weights` of ImageClassifier  

backbone.layer10.expand_conv.conv.weight - torch.Size([432, 72, 1, 1]): 
Initialized by user-defined `init_weights` in ConvModule  

backbone.layer10.expand_conv.bn.weight - torch.Size([432]): 
The value is the same before and after calling `init_weights` of ImageClassifier  

backbone.layer10.expand_conv.bn.bias - torch.Size([432]): 
The value is the same before and after calling `init_weights` of ImageClassifier  

backbone.layer10.depthwise_conv.conv.weight - torch.Size([432, 1, 5, 5]): 
Initialized by user-defined `init_weights` in ConvModule  

backbone.layer10.depthwise_conv.bn.weight - torch.Size([432]): 
The value is the same before and after calling `init_weights` of ImageClassifier  

backbone.layer10.depthwise_conv.bn.bias - torch.Size([432]): 
The value is the same before and after calling `init_weights` of ImageClassifier  

backbone.layer10.se.conv1.conv.weight - torch.Size([112, 432, 1, 1]): 
Initialized by user-defined `init_weights` in ConvModule  

backbone.layer10.se.conv1.conv.bias - torch.Size([112]): 
The value is the same before and after calling `init_weights` of ImageClassifier  

backbone.layer10.se.conv2.conv.weight - torch.Size([432, 112, 1, 1]): 
Initialized by user-defined `init_weights` in ConvModule  

backbone.layer10.se.conv2.conv.bias - torch.Size([432]): 
The value is the same before and after calling `init_weights` of ImageClassifier  

backbone.layer10.linear_conv.conv.weight - torch.Size([72, 432, 1, 1]): 
Initialized by user-defined `init_weights` in ConvModule  

backbone.layer10.linear_conv.bn.weight - torch.Size([72]): 
The value is the same before and after calling `init_weights` of ImageClassifier  

backbone.layer10.linear_conv.bn.bias - torch.Size([72]): 
The value is the same before and after calling `init_weights` of ImageClassifier  

backbone.layer11.expand_conv.conv.weight - torch.Size([432, 72, 1, 1]): 
Initialized by user-defined `init_weights` in ConvModule  

backbone.layer11.expand_conv.bn.weight - torch.Size([432]): 
The value is the same before and after calling `init_weights` of ImageClassifier  

backbone.layer11.expand_conv.bn.bias - torch.Size([432]): 
The value is the same before and after calling `init_weights` of ImageClassifier  

backbone.layer11.depthwise_conv.conv.weight - torch.Size([432, 1, 5, 5]): 
Initialized by user-defined `init_weights` in ConvModule  

backbone.layer11.depthwise_conv.bn.weight - torch.Size([432]): 
The value is the same before and after calling `init_weights` of ImageClassifier  

backbone.layer11.depthwise_conv.bn.bias - torch.Size([432]): 
The value is the same before and after calling `init_weights` of ImageClassifier  

backbone.layer11.se.conv1.conv.weight - torch.Size([112, 432, 1, 1]): 
Initialized by user-defined `init_weights` in ConvModule  

backbone.layer11.se.conv1.conv.bias - torch.Size([112]): 
The value is the same before and after calling `init_weights` of ImageClassifier  

backbone.layer11.se.conv2.conv.weight - torch.Size([432, 112, 1, 1]): 
Initialized by user-defined `init_weights` in ConvModule  

backbone.layer11.se.conv2.conv.bias - torch.Size([432]): 
The value is the same before and after calling `init_weights` of ImageClassifier  

backbone.layer11.linear_conv.conv.weight - torch.Size([72, 432, 1, 1]): 
Initialized by user-defined `init_weights` in ConvModule  

backbone.layer11.linear_conv.bn.weight - torch.Size([72]): 
The value is the same before and after calling `init_weights` of ImageClassifier  

backbone.layer11.linear_conv.bn.bias - torch.Size([72]): 
The value is the same before and after calling `init_weights` of ImageClassifier  

backbone.layer12.conv.weight - torch.Size([432, 72, 1, 1]): 
Initialized by user-defined `init_weights` in ConvModule  

backbone.layer12.bn.weight - torch.Size([432]): 
The value is the same before and after calling `init_weights` of ImageClassifier  

backbone.layer12.bn.bias - torch.Size([432]): 
The value is the same before and after calling `init_weights` of ImageClassifier  

head.layers.0.fc.weight - torch.Size([1024, 432]): 
NormalInit: mean=0.0, std=0.01, bias=0.0 

head.layers.0.fc.bias - torch.Size([1024]): 
NormalInit: mean=0.0, std=0.01, bias=0.0 

head.layers.1.fc.weight - torch.Size([1000, 1024]): 
NormalInit: mean=0.0, std=0.01, bias=0.0 

head.layers.1.fc.bias - torch.Size([1000]): 
NormalInit: mean=0.0, std=0.01, bias=0.0 
2024/01/26 14:27:50 - mmengine - WARNING - "FileClient" will be deprecated in future. Please use io functions in https://mmengine.readthedocs.io/en/latest/api/fileio.html#file-io
2024/01/26 14:27:50 - mmengine - WARNING - "HardDiskBackend" is the alias of "LocalBackend" and the former will be deprecated in future.
2024/01/26 14:27:50 - mmengine - INFO - Checkpoints will be saved to /Users/minkijung/Documents/3AISD/Vision/assignment1/mmpretrain/work_dirs/custom.
2024/01/26 14:28:22 - mmengine - INFO - Exp name: custom_20240126_142739
2024/01/26 14:28:22 - mmengine - INFO - Epoch(train)   [1][34/34]  lr: 6.4000e-02  eta: 5:14:54  time: 0.5437  data_time: 0.0031  loss: 232.9586
2024/01/26 14:28:22 - mmengine - INFO - Saving checkpoint at 1 epochs
2024/01/26 14:28:38 - mmengine - INFO - Exp name: custom_20240126_142739
2024/01/26 14:28:38 - mmengine - INFO - Epoch(train)   [2][34/34]  lr: 6.4000e-02  eta: 3:53:29  time: 0.3129  data_time: 0.0014  loss: 3.5372
2024/01/26 14:28:38 - mmengine - INFO - Saving checkpoint at 2 epochs
2024/01/26 14:28:54 - mmengine - INFO - Exp name: custom_20240126_142739
2024/01/26 14:28:54 - mmengine - INFO - Epoch(train)   [3][34/34]  lr: 6.2272e-02  eta: 3:28:50  time: 0.2343  data_time: 0.0011  loss: 2.9552
2024/01/26 14:28:54 - mmengine - INFO - Saving checkpoint at 3 epochs
2024/01/26 14:29:14 - mmengine - INFO - Exp name: custom_20240126_142739
2024/01/26 14:29:14 - mmengine - INFO - Epoch(train)   [4][34/34]  lr: 6.2272e-02  eta: 3:24:25  time: 0.3464  data_time: 0.0019  loss: 2.9407
2024/01/26 14:29:14 - mmengine - INFO - Saving checkpoint at 4 epochs
2024/01/26 14:29:31 - mmengine - INFO - Exp name: custom_20240126_142739
2024/01/26 14:29:31 - mmengine - INFO - Epoch(train)   [5][34/34]  lr: 6.0591e-02  eta: 3:15:53  time: 0.3680  data_time: 0.0029  loss: 2.9051
2024/01/26 14:29:31 - mmengine - INFO - Saving checkpoint at 5 epochs
